<?xml version="1.0" encoding="UTF-8"?>
<testng-results ignored="0" total="1" passed="0" failed="1" skipped="0">
  <reporter-output>
  </reporter-output>
  <suite started-at="2019-08-05T06:59:23Z" name="Default suite" finished-at="2019-08-05T06:59:42Z" duration-ms="18600">
    <groups>
    </groups>
    <test started-at="2019-08-05T06:59:23Z" name="Default test" finished-at="2019-08-05T06:59:42Z" duration-ms="18600">
      <class name="com.Assignment.Assignment.CreatePost">
        <test-method signature="CreatePosting()[pri:0, instance:com.Assignment.Assignment.CreatePost@3c0be339]" started-at="2019-08-05T06:59:23Z" name="CreatePosting" finished-at="2019-08-05T06:59:42Z" duration-ms="18570" status="FAIL">
          <exception class="java.lang.ClassCastException">
            <message>
              <![CDATA[org.openqa.selenium.By$ByXPath cannot be cast to org.openqa.selenium.WebElement]]>
            </message>
            <full-stacktrace>
              <![CDATA[java.lang.ClassCastException: org.openqa.selenium.By$ByXPath cannot be cast to org.openqa.selenium.WebElement
at com.Assignment.Assignment.ForPostingStatus.WritePost(ForPostingStatus.java:26)
at com.Assignment.Assignment.CreatePost.CreatePosting(CreatePost.java:50)
at java.base/jdk.internal.reflect.NativeMethodAccessorImpl.invoke0(Native Method)
at java.base/jdk.internal.reflect.NativeMethodAccessorImpl.invoke(NativeMethodAccessorImpl.java:62)
at java.base/jdk.internal.reflect.DelegatingMethodAccessorImpl.invoke(DelegatingMethodAccessorImpl.java:43)
at java.base/java.lang.reflect.Method.invoke(Method.java:564)
at org.testng.internal.MethodInvocationHelper.invokeMethod(MethodInvocationHelper.java:124)
at org.testng.internal.Invoker.invokeMethod(Invoker.java:583)
at org.testng.internal.Invoker.invokeTestMethod(Invoker.java:719)
at org.testng.internal.Invoker.invokeTestMethods(Invoker.java:989)
at org.testng.internal.TestMethodWorker.invokeTestMethods(TestMethodWorker.java:125)
at org.testng.internal.TestMethodWorker.run(TestMethodWorker.java:109)
at org.testng.TestRunner.privateRun(TestRunner.java:648)
at org.testng.TestRunner.run(TestRunner.java:505)
at org.testng.SuiteRunner.runTest(SuiteRunner.java:455)
at org.testng.SuiteRunner.runSequentially(SuiteRunner.java:450)
at org.testng.SuiteRunner.privateRun(SuiteRunner.java:415)
at org.testng.SuiteRunner.run(SuiteRunner.java:364)
at org.testng.SuiteRunnerWorker.runSuite(SuiteRunnerWorker.java:52)
at org.testng.SuiteRunnerWorker.run(SuiteRunnerWorker.java:84)
at org.testng.TestNG.runSuitesSequentially(TestNG.java:1208)
at org.testng.TestNG.runSuitesLocally(TestNG.java:1137)
at org.testng.TestNG.runSuites(TestNG.java:1049)
at org.testng.TestNG.run(TestNG.java:1017)
at org.testng.remote.AbstractRemoteTestNG.run(AbstractRemoteTestNG.java:115)
at org.testng.remote.RemoteTestNG.initAndRun(RemoteTestNG.java:251)
at org.testng.remote.RemoteTestNG.main(RemoteTestNG.java:77)
]]>
            </full-stacktrace>
          </exception> <!-- java.lang.ClassCastException -->
          <reporter-output>
          </reporter-output>
        </test-method> <!-- CreatePosting -->
      </class> <!-- com.Assignment.Assignment.CreatePost -->
    </test> <!-- Default test -->
  </suite> <!-- Default suite -->
</testng-results>
